[2024-07-03 18:17:03.730] [info]  [db] Initialized DB client
[2024-07-03 18:17:03.736] [info]  [plugin] Loading 
[2024-07-03 18:17:04.731] [info]  [project] Fetching org_0edf27db-3e85-4c23-a98d-9dfb724bd570
[2024-07-03 18:17:05.422] [info]  [project] Redirecting to last visited project proj_52188c400adc4541b0158eb6bab5d48b
[2024-07-03 18:17:05.434] [info]  [FileSystemDriver] Initialized in "/home/leshy/.config/Insomnia/version-control"
[2024-07-03 18:17:08.332] [info]  [sync] Activated project prj_da89e9e2178045339764e5a3ff44bac5
[2024-07-03 18:17:08.332] [info]  [FileSystemDriver] Writing to /projects/prj_da89e9e2178045339764e5a3ff44bac5/meta.json
[2024-07-03 18:17:08.332] [info]  [FileSystemDriver] Writing to /home/leshy/.config/Insomnia/version-control/projects/prj_da89e9e2178045339764e5a3ff44bac5/meta.json.f5de8d9e-1069-4f38-b51a-33d2f310bffb.tmp then renaming to /home/leshy/.config/Insomnia/version-control/projects/prj_da89e9e2178045339764e5a3ff44bac5/meta.json
[2024-07-03 18:17:08.393] [info]  [sync] Activated project prj_da89e9e2178045339764e5a3ff44bac5
[2024-07-03 18:17:08.394] [info]  [FileSystemDriver] Writing to /projects/prj_da89e9e2178045339764e5a3ff44bac5/meta.json
[2024-07-03 18:17:08.394] [info]  [FileSystemDriver] Writing to /home/leshy/.config/Insomnia/version-control/projects/prj_da89e9e2178045339764e5a3ff44bac5/meta.json.60e78377-68c2-48bf-9310-cb3beafb8f0d.tmp then renaming to /home/leshy/.config/Insomnia/version-control/projects/prj_da89e9e2178045339764e5a3ff44bac5/meta.json
[2024-07-03 18:17:12.850] [info]  [sync] Activated project prj_da89e9e2178045339764e5a3ff44bac5
[2024-07-03 18:17:12.850] [info]  [FileSystemDriver] Writing to /projects/prj_da89e9e2178045339764e5a3ff44bac5/meta.json
[2024-07-03 18:17:12.851] [info]  [FileSystemDriver] Writing to /home/leshy/.config/Insomnia/version-control/projects/prj_da89e9e2178045339764e5a3ff44bac5/meta.json.cf60e788-1226-4059-94d2-d16072fb52a3.tmp then renaming to /home/leshy/.config/Insomnia/version-control/projects/prj_da89e9e2178045339764e5a3ff44bac5/meta.json
[2024-07-03 18:17:13.880] [info]  [sync] Activated project prj_da89e9e2178045339764e5a3ff44bac5
[2024-07-03 18:17:13.880] [info]  [FileSystemDriver] Writing to /projects/prj_da89e9e2178045339764e5a3ff44bac5/meta.json
[2024-07-03 18:17:13.880] [info]  [FileSystemDriver] Writing to /home/leshy/.config/Insomnia/version-control/projects/prj_da89e9e2178045339764e5a3ff44bac5/meta.json.a64a8709-a693-4b72-a2e8-f4fb64be5e9a.tmp then renaming to /home/leshy/.config/Insomnia/version-control/projects/prj_da89e9e2178045339764e5a3ff44bac5/meta.json
[2024-07-03 18:17:54.965] [info]  [sync] Activated project prj_da89e9e2178045339764e5a3ff44bac5
[2024-07-03 18:17:54.965] [info]  [FileSystemDriver] Writing to /projects/prj_da89e9e2178045339764e5a3ff44bac5/meta.json
[2024-07-03 18:17:54.965] [info]  [FileSystemDriver] Writing to /home/leshy/.config/Insomnia/version-control/projects/prj_da89e9e2178045339764e5a3ff44bac5/meta.json.79fcd207-cae9-4ca1-a315-9164221c1c4a.tmp then renaming to /home/leshy/.config/Insomnia/version-control/projects/prj_da89e9e2178045339764e5a3ff44bac5/meta.json
[2024-07-03 18:17:57.990] [info]  [sync] Activated project prj_da89e9e2178045339764e5a3ff44bac5
[2024-07-03 18:17:57.991] [info]  [FileSystemDriver] Writing to /projects/prj_da89e9e2178045339764e5a3ff44bac5/meta.json
[2024-07-03 18:17:57.991] [info]  [FileSystemDriver] Writing to /home/leshy/.config/Insomnia/version-control/projects/prj_da89e9e2178045339764e5a3ff44bac5/meta.json.ee686114-ead4-4cd9-a961-95ab8d085d29.tmp then renaming to /home/leshy/.config/Insomnia/version-control/projects/prj_da89e9e2178045339764e5a3ff44bac5/meta.json
[2024-07-03 18:18:09.774] [info]  [sync] Activated project prj_da89e9e2178045339764e5a3ff44bac5
[2024-07-03 18:18:09.774] [info]  [FileSystemDriver] Writing to /projects/prj_da89e9e2178045339764e5a3ff44bac5/meta.json
[2024-07-03 18:18:09.774] [info]  [FileSystemDriver] Writing to /home/leshy/.config/Insomnia/version-control/projects/prj_da89e9e2178045339764e5a3ff44bac5/meta.json.bb7aa21a-b6bc-441c-98da-e860d9c923c7.tmp then renaming to /home/leshy/.config/Insomnia/version-control/projects/prj_da89e9e2178045339764e5a3ff44bac5/meta.json
[2024-07-03 18:18:15.370] [info]  [network] Response succeeded req=req_d4a08ce4f6b549fdabaf6f1c9cf5586b status=500
[2024-07-03 18:18:15.503] [info]  [sync] Activated project prj_da89e9e2178045339764e5a3ff44bac5
[2024-07-03 18:18:15.503] [info]  [FileSystemDriver] Writing to /projects/prj_da89e9e2178045339764e5a3ff44bac5/meta.json
[2024-07-03 18:18:15.503] [info]  [FileSystemDriver] Writing to /home/leshy/.config/Insomnia/version-control/projects/prj_da89e9e2178045339764e5a3ff44bac5/meta.json.72b328a6-3952-40c9-a2f9-eae65006db41.tmp then renaming to /home/leshy/.config/Insomnia/version-control/projects/prj_da89e9e2178045339764e5a3ff44bac5/meta.json
[2024-07-03 18:19:09.614] [info]  [sync] Activated project prj_da89e9e2178045339764e5a3ff44bac5
[2024-07-03 18:19:09.614] [info]  [FileSystemDriver] Writing to /projects/prj_da89e9e2178045339764e5a3ff44bac5/meta.json
[2024-07-03 18:19:09.614] [info]  [FileSystemDriver] Writing to /home/leshy/.config/Insomnia/version-control/projects/prj_da89e9e2178045339764e5a3ff44bac5/meta.json.278f1ffe-15fc-4a64-b4a4-9c86233772fa.tmp then renaming to /home/leshy/.config/Insomnia/version-control/projects/prj_da89e9e2178045339764e5a3ff44bac5/meta.json
[2024-07-03 18:19:52.050] [info]  [sync] Activated project prj_da89e9e2178045339764e5a3ff44bac5
[2024-07-03 18:19:52.050] [info]  [FileSystemDriver] Writing to /projects/prj_da89e9e2178045339764e5a3ff44bac5/meta.json
[2024-07-03 18:19:52.051] [info]  [FileSystemDriver] Writing to /home/leshy/.config/Insomnia/version-control/projects/prj_da89e9e2178045339764e5a3ff44bac5/meta.json.d98fe8c3-5fae-45fa-83fd-d4c0ad642cb7.tmp then renaming to /home/leshy/.config/Insomnia/version-control/projects/prj_da89e9e2178045339764e5a3ff44bac5/meta.json
[2024-07-03 18:20:00.143] [info]  [sync] Activated project prj_da89e9e2178045339764e5a3ff44bac5
[2024-07-03 18:20:00.143] [info]  [FileSystemDriver] Writing to /projects/prj_da89e9e2178045339764e5a3ff44bac5/meta.json
[2024-07-03 18:20:00.144] [info]  [FileSystemDriver] Writing to /home/leshy/.config/Insomnia/version-control/projects/prj_da89e9e2178045339764e5a3ff44bac5/meta.json.16f0a5e1-90ad-47a0-9f78-1a7e779e9046.tmp then renaming to /home/leshy/.config/Insomnia/version-control/projects/prj_da89e9e2178045339764e5a3ff44bac5/meta.json
[2024-07-03 18:20:03.205] [info]  [sync] Activated project prj_da89e9e2178045339764e5a3ff44bac5
[2024-07-03 18:20:03.205] [info]  [FileSystemDriver] Writing to /projects/prj_da89e9e2178045339764e5a3ff44bac5/meta.json
[2024-07-03 18:20:03.205] [info]  [FileSystemDriver] Writing to /home/leshy/.config/Insomnia/version-control/projects/prj_da89e9e2178045339764e5a3ff44bac5/meta.json.08213ea5-1926-4968-9b55-cc5ee1657bcc.tmp then renaming to /home/leshy/.config/Insomnia/version-control/projects/prj_da89e9e2178045339764e5a3ff44bac5/meta.json
[2024-07-03 18:20:04.312] [info]  [sync] Activated project prj_da89e9e2178045339764e5a3ff44bac5
[2024-07-03 18:20:04.312] [info]  [FileSystemDriver] Writing to /projects/prj_da89e9e2178045339764e5a3ff44bac5/meta.json
[2024-07-03 18:20:04.312] [info]  [FileSystemDriver] Writing to /home/leshy/.config/Insomnia/version-control/projects/prj_da89e9e2178045339764e5a3ff44bac5/meta.json.fb3491b7-3c77-469c-8316-6860dd6612f4.tmp then renaming to /home/leshy/.config/Insomnia/version-control/projects/prj_da89e9e2178045339764e5a3ff44bac5/meta.json
[2024-07-03 18:20:04.840] [info]  [sync] Activated project prj_da89e9e2178045339764e5a3ff44bac5
[2024-07-03 18:20:04.840] [info]  [FileSystemDriver] Writing to /projects/prj_da89e9e2178045339764e5a3ff44bac5/meta.json
[2024-07-03 18:20:04.840] [info]  [FileSystemDriver] Writing to /home/leshy/.config/Insomnia/version-control/projects/prj_da89e9e2178045339764e5a3ff44bac5/meta.json.9833e4d9-0916-4117-9b93-9a61bfed6c7a.tmp then renaming to /home/leshy/.config/Insomnia/version-control/projects/prj_da89e9e2178045339764e5a3ff44bac5/meta.json
[2024-07-03 18:20:09.612] [info]  [sync] Activated project prj_da89e9e2178045339764e5a3ff44bac5
[2024-07-03 18:20:09.612] [info]  [FileSystemDriver] Writing to /projects/prj_da89e9e2178045339764e5a3ff44bac5/meta.json
[2024-07-03 18:20:09.612] [info]  [FileSystemDriver] Writing to /home/leshy/.config/Insomnia/version-control/projects/prj_da89e9e2178045339764e5a3ff44bac5/meta.json.929ca076-ca3a-4658-b139-e6f565d674e7.tmp then renaming to /home/leshy/.config/Insomnia/version-control/projects/prj_da89e9e2178045339764e5a3ff44bac5/meta.json
[2024-07-03 18:21:09.564] [info]  [sync] Activated project prj_da89e9e2178045339764e5a3ff44bac5
[2024-07-03 18:21:09.564] [info]  [FileSystemDriver] Writing to /projects/prj_da89e9e2178045339764e5a3ff44bac5/meta.json
[2024-07-03 18:21:09.565] [info]  [FileSystemDriver] Writing to /home/leshy/.config/Insomnia/version-control/projects/prj_da89e9e2178045339764e5a3ff44bac5/meta.json.c178c05e-1df7-4e9e-b766-9e009960fd8a.tmp then renaming to /home/leshy/.config/Insomnia/version-control/projects/prj_da89e9e2178045339764e5a3ff44bac5/meta.json
[2024-07-03 18:22:09.690] [info]  [sync] Activated project prj_da89e9e2178045339764e5a3ff44bac5
[2024-07-03 18:22:09.691] [info]  [FileSystemDriver] Writing to /projects/prj_da89e9e2178045339764e5a3ff44bac5/meta.json
[2024-07-03 18:22:09.691] [info]  [FileSystemDriver] Writing to /home/leshy/.config/Insomnia/version-control/projects/prj_da89e9e2178045339764e5a3ff44bac5/meta.json.6e07bffa-3dfd-4e5e-b3c3-1844d3430e10.tmp then renaming to /home/leshy/.config/Insomnia/version-control/projects/prj_da89e9e2178045339764e5a3ff44bac5/meta.json
[2024-07-03 18:23:09.679] [info]  [sync] Activated project prj_da89e9e2178045339764e5a3ff44bac5
[2024-07-03 18:23:09.679] [info]  [FileSystemDriver] Writing to /projects/prj_da89e9e2178045339764e5a3ff44bac5/meta.json
[2024-07-03 18:23:09.679] [info]  [FileSystemDriver] Writing to /home/leshy/.config/Insomnia/version-control/projects/prj_da89e9e2178045339764e5a3ff44bac5/meta.json.52320de8-eb4f-4597-ad19-6539208909a5.tmp then renaming to /home/leshy/.config/Insomnia/version-control/projects/prj_da89e9e2178045339764e5a3ff44bac5/meta.json
[2024-07-03 18:24:09.709] [info]  [sync] Activated project prj_da89e9e2178045339764e5a3ff44bac5
[2024-07-03 18:24:09.709] [info]  [FileSystemDriver] Writing to /projects/prj_da89e9e2178045339764e5a3ff44bac5/meta.json
[2024-07-03 18:24:09.710] [info]  [FileSystemDriver] Writing to /home/leshy/.config/Insomnia/version-control/projects/prj_da89e9e2178045339764e5a3ff44bac5/meta.json.3670d9f6-3210-43ec-b6c1-cf178e9327f5.tmp then renaming to /home/leshy/.config/Insomnia/version-control/projects/prj_da89e9e2178045339764e5a3ff44bac5/meta.json
[2024-07-03 18:25:10.083] [info]  [sync] Activated project prj_da89e9e2178045339764e5a3ff44bac5
[2024-07-03 18:25:10.083] [info]  [FileSystemDriver] Writing to /projects/prj_da89e9e2178045339764e5a3ff44bac5/meta.json
[2024-07-03 18:25:10.083] [info]  [FileSystemDriver] Writing to /home/leshy/.config/Insomnia/version-control/projects/prj_da89e9e2178045339764e5a3ff44bac5/meta.json.de9678b6-cf43-4c45-9386-44893a85d42b.tmp then renaming to /home/leshy/.config/Insomnia/version-control/projects/prj_da89e9e2178045339764e5a3ff44bac5/meta.json
[2024-07-03 18:26:09.946] [info]  [sync] Activated project prj_da89e9e2178045339764e5a3ff44bac5
[2024-07-03 18:26:09.947] [info]  [FileSystemDriver] Writing to /projects/prj_da89e9e2178045339764e5a3ff44bac5/meta.json
[2024-07-03 18:26:09.947] [info]  [FileSystemDriver] Writing to /home/leshy/.config/Insomnia/version-control/projects/prj_da89e9e2178045339764e5a3ff44bac5/meta.json.8450e615-de17-4649-8dcb-992fea750ad1.tmp then renaming to /home/leshy/.config/Insomnia/version-control/projects/prj_da89e9e2178045339764e5a3ff44bac5/meta.json
[2024-07-03 18:27:10.327] [info]  [sync] Activated project prj_da89e9e2178045339764e5a3ff44bac5
[2024-07-03 18:27:10.327] [info]  [FileSystemDriver] Writing to /projects/prj_da89e9e2178045339764e5a3ff44bac5/meta.json
[2024-07-03 18:27:10.328] [info]  [FileSystemDriver] Writing to /home/leshy/.config/Insomnia/version-control/projects/prj_da89e9e2178045339764e5a3ff44bac5/meta.json.4bac2bbb-db77-45aa-a2a6-2f0885ba7507.tmp then renaming to /home/leshy/.config/Insomnia/version-control/projects/prj_da89e9e2178045339764e5a3ff44bac5/meta.json
[2024-07-03 18:28:09.757] [info]  [sync] Activated project prj_da89e9e2178045339764e5a3ff44bac5
[2024-07-03 18:28:09.758] [info]  [FileSystemDriver] Writing to /projects/prj_da89e9e2178045339764e5a3ff44bac5/meta.json
[2024-07-03 18:28:09.758] [info]  [FileSystemDriver] Writing to /home/leshy/.config/Insomnia/version-control/projects/prj_da89e9e2178045339764e5a3ff44bac5/meta.json.4c7c3046-3efc-4248-9859-956f470d8386.tmp then renaming to /home/leshy/.config/Insomnia/version-control/projects/prj_da89e9e2178045339764e5a3ff44bac5/meta.json
[2024-07-03 18:29:09.633] [info]  [sync] Activated project prj_da89e9e2178045339764e5a3ff44bac5
[2024-07-03 18:29:09.633] [info]  [FileSystemDriver] Writing to /projects/prj_da89e9e2178045339764e5a3ff44bac5/meta.json
[2024-07-03 18:29:09.634] [info]  [FileSystemDriver] Writing to /home/leshy/.config/Insomnia/version-control/projects/prj_da89e9e2178045339764e5a3ff44bac5/meta.json.05f25a23-7ada-4159-8e19-827b3b95feec.tmp then renaming to /home/leshy/.config/Insomnia/version-control/projects/prj_da89e9e2178045339764e5a3ff44bac5/meta.json
[2024-07-03 18:30:10.530] [info]  [sync] Activated project prj_da89e9e2178045339764e5a3ff44bac5
[2024-07-03 18:30:10.531] [info]  [FileSystemDriver] Writing to /projects/prj_da89e9e2178045339764e5a3ff44bac5/meta.json
[2024-07-03 18:30:10.531] [info]  [FileSystemDriver] Writing to /home/leshy/.config/Insomnia/version-control/projects/prj_da89e9e2178045339764e5a3ff44bac5/meta.json.aa81dadc-6b3c-46d4-8fa9-4dc17be63a8c.tmp then renaming to /home/leshy/.config/Insomnia/version-control/projects/prj_da89e9e2178045339764e5a3ff44bac5/meta.json
[2024-07-03 18:31:09.683] [info]  [sync] Activated project prj_da89e9e2178045339764e5a3ff44bac5
[2024-07-03 18:31:09.683] [info]  [FileSystemDriver] Writing to /projects/prj_da89e9e2178045339764e5a3ff44bac5/meta.json
[2024-07-03 18:31:09.684] [info]  [FileSystemDriver] Writing to /home/leshy/.config/Insomnia/version-control/projects/prj_da89e9e2178045339764e5a3ff44bac5/meta.json.f3268a62-a60f-42bc-b9bc-f38a581458c8.tmp then renaming to /home/leshy/.config/Insomnia/version-control/projects/prj_da89e9e2178045339764e5a3ff44bac5/meta.json
[2024-07-03 18:32:09.953] [info]  [sync] Activated project prj_da89e9e2178045339764e5a3ff44bac5
[2024-07-03 18:32:09.953] [info]  [FileSystemDriver] Writing to /projects/prj_da89e9e2178045339764e5a3ff44bac5/meta.json
[2024-07-03 18:32:09.956] [info]  [FileSystemDriver] Writing to /home/leshy/.config/Insomnia/version-control/projects/prj_da89e9e2178045339764e5a3ff44bac5/meta.json.6dae0d12-4251-43ef-8196-13bc77090d34.tmp then renaming to /home/leshy/.config/Insomnia/version-control/projects/prj_da89e9e2178045339764e5a3ff44bac5/meta.json
[2024-07-03 18:32:20.962] [info]  [sync] Activated project prj_da89e9e2178045339764e5a3ff44bac5
[2024-07-03 18:32:20.962] [info]  [FileSystemDriver] Writing to /projects/prj_da89e9e2178045339764e5a3ff44bac5/meta.json
[2024-07-03 18:32:20.963] [info]  [FileSystemDriver] Writing to /home/leshy/.config/Insomnia/version-control/projects/prj_da89e9e2178045339764e5a3ff44bac5/meta.json.c6f05014-ab97-4656-97ef-efaf8f32b114.tmp then renaming to /home/leshy/.config/Insomnia/version-control/projects/prj_da89e9e2178045339764e5a3ff44bac5/meta.json
