2024-06-23 12:16:48 Loading main app package /usr/lib/obsidian/obsidian.asar
2024-06-23 12:16:49 Checking for update using Github
2024-06-23 12:16:49 Success.
2024-06-23 12:16:49 Latest version is 1.6.3
2024-06-23 12:16:49 App is up to date.
2024-06-23 12:48:39 Loading main app package /usr/lib/obsidian/obsidian.asar
2024-06-23 12:48:39 Checking for update using Github
2024-06-23 12:48:39 Success.
2024-06-23 12:48:39 Latest version is 1.6.3
2024-06-23 12:48:39 App is up to date.
2024-06-23 14:19:38 Loading main app package /usr/lib/obsidian/obsidian.asar
2024-06-23 14:19:38 Checking for update using Github
2024-06-23 14:19:38 Success.
2024-06-23 14:19:38 Latest version is 1.6.3
2024-06-23 14:19:38 App is up to date.
2024-06-23 15:48:57 Loading main app package /usr/lib/obsidian/obsidian.asar
2024-06-23 15:48:58 Checking for update using Github
2024-06-23 15:48:58 Success.
2024-06-23 15:48:58 Latest version is 1.6.3
2024-06-23 15:48:58 App is up to date.
2024-06-23 17:50:41 Loading main app package /usr/lib/obsidian/obsidian.asar
2024-06-23 17:50:41 Checking for update using Github
2024-06-23 17:50:41 Success.
2024-06-23 17:50:41 Latest version is 1.6.3
2024-06-23 17:50:41 App is up to date.
2024-06-23 18:45:36 Loading main app package /usr/lib/obsidian/obsidian.asar
2024-06-23 18:45:36 Checking for update using Github
2024-06-23 20:18:00 Loading main app package /usr/lib/obsidian/obsidian.asar
2024-06-23 20:18:00 Checking for update using Github
2024-06-23 20:18:00 Success.
2024-06-23 20:18:00 Latest version is 1.6.3
2024-06-23 20:18:00 App is up to date.
2024-06-23 21:38:13 Loading main app package /usr/lib/obsidian/obsidian.asar
2024-06-23 21:38:13 Checking for update using Github
2024-06-23 21:38:14 Success.
2024-06-23 21:38:14 Latest version is 1.6.3
2024-06-23 21:38:14 App is up to date.
2024-06-23 22:38:13 Checking for update using Github
2024-06-23 22:38:13 Success.
2024-06-23 22:38:13 Latest version is 1.6.3
2024-06-23 22:38:13 App is up to date.
2024-06-27 22:19:00 Loading main app package /usr/lib/obsidian/obsidian.asar
2024-06-27 22:19:00 Checking for update using Github
2024-06-27 22:19:00 Success.
2024-06-27 22:19:00 Latest version is 1.6.5
2024-06-27 22:19:00 Downloading update from https://github.com/obsidianmd/obsidian-releases/releases/download/v1.6.5/obsidian-1.6.5.asar.gz
2024-06-27 22:19:01 Verifying hash & signature. Size= 8839622
2024-06-27 22:19:01 Saving file
2024-06-27 22:19:02 Update complete.
2024-06-28 10:54:54 Loading updated app package /home/leshy/.config/obsidian/obsidian-1.6.5.asar
2024-06-28 10:54:55 Checking for update using Github
2024-06-28 10:54:55 Success.
2024-06-28 10:54:55 Latest version is 1.6.5
2024-06-28 10:54:55 App is up to date.
2024-06-28 11:28:05 Loading main app package /usr/lib/obsidian/obsidian.asar
2024-06-28 11:28:05 Checking for update using Github
2024-06-28 11:28:05 Success.
2024-06-28 11:28:05 Latest version is 1.6.5
2024-06-28 11:28:05 App is up to date.
2024-06-28 12:18:28 Loading main app package /usr/lib/obsidian/obsidian.asar
2024-06-28 12:18:29 Checking for update using Github
2024-06-28 12:18:29 Success.
2024-06-28 12:18:29 Latest version is 1.6.5
2024-06-28 12:18:29 App is up to date.
2024-07-07 21:14:08 Loading main app package /usr/lib/obsidian/obsidian.asar
2024-07-07 21:14:08 Checking for update using Github
2024-07-07 21:14:09 Success.
2024-07-07 21:14:09 Latest version is 1.6.5
2024-07-07 21:14:09 App is up to date.
2024-07-16 20:49:16 Loading main app package /usr/lib/obsidian/obsidian.asar
2024-07-16 20:49:16 Checking for update using Github
2024-07-16 20:49:17 Success.
2024-07-16 20:49:17 Latest version is 1.6.5
2024-07-16 20:49:17 App is up to date.
2024-07-16 21:49:16 Checking for update using Github
2024-07-16 21:49:16 Success.
2024-07-16 21:49:16 Latest version is 1.6.5
2024-07-16 21:49:16 App is up to date.
2024-07-16 22:49:16 Checking for update using Github
2024-07-16 22:49:16 Success.
2024-07-16 22:49:16 Latest version is 1.6.5
2024-07-16 22:49:16 App is up to date.
2024-07-16 23:49:16 Checking for update using Github
2024-07-16 23:49:16 Success.
2024-07-16 23:49:16 Latest version is 1.6.5
2024-07-16 23:49:16 App is up to date.
2024-07-17 00:49:16 Checking for update using Github
2024-07-17 00:49:16 Success.
2024-07-17 00:49:16 Latest version is 1.6.5
2024-07-17 00:49:16 App is up to date.
2024-07-17 01:49:16 Checking for update using Github
2024-07-17 01:49:16 Success.
2024-07-17 01:49:16 Latest version is 1.6.5
2024-07-17 01:49:16 App is up to date.
2024-07-17 02:49:16 Checking for update using Github
2024-07-17 02:49:16 Success.
2024-07-17 02:49:16 Latest version is 1.6.5
2024-07-17 02:49:16 App is up to date.
2024-07-17 03:49:16 Checking for update using Github
2024-07-17 03:49:16 Success.
2024-07-17 03:49:16 Latest version is 1.6.5
2024-07-17 03:49:16 App is up to date.
2024-07-17 10:25:26 Checking for update using Github
2024-07-17 10:25:26 Success.
2024-07-17 10:25:26 Latest version is 1.6.5
2024-07-17 10:25:26 App is up to date.
2024-07-17 11:25:27 Checking for update using Github
2024-07-17 11:25:27 Success.
2024-07-17 11:25:27 Latest version is 1.6.5
2024-07-17 11:25:27 App is up to date.
2024-07-17 12:25:27 Checking for update using Github
2024-07-17 12:25:27 Success.
2024-07-17 12:25:27 Latest version is 1.6.5
2024-07-17 12:25:27 App is up to date.
2024-07-17 13:25:27 Checking for update using Github
2024-07-17 13:25:27 Success.
2024-07-17 13:25:27 Latest version is 1.6.5
2024-07-17 13:25:27 App is up to date.
2024-07-17 14:28:13 Checking for update using Github
2024-07-17 14:28:13 Success.
2024-07-17 14:28:13 Latest version is 1.6.5
2024-07-17 14:28:13 App is up to date.
2024-07-18 10:29:56 Checking for update using Github
2024-07-18 10:29:57 Success.
2024-07-18 10:29:57 Latest version is 1.6.5
2024-07-18 10:29:57 App is up to date.
2024-07-18 11:29:58 Checking for update using Github
2024-07-18 11:29:58 Success.
2024-07-18 11:29:58 Latest version is 1.6.5
2024-07-18 11:29:58 App is up to date.
2024-07-18 12:29:58 Checking for update using Github
2024-07-18 12:29:59 Success.
2024-07-18 12:29:59 Latest version is 1.6.5
2024-07-18 12:29:59 App is up to date.
2024-07-18 13:29:58 Checking for update using Github
2024-07-18 13:29:58 Success.
2024-07-18 13:29:58 Latest version is 1.6.5
2024-07-18 13:29:58 App is up to date.
2024-07-19 11:12:08 Loading main app package /usr/lib/obsidian/obsidian.asar
2024-07-19 11:12:08 Checking for update using Github
2024-07-19 11:12:13 Success.
2024-07-19 11:12:13 Latest version is 1.6.7
2024-07-19 11:12:13 Downloading update from https://github.com/obsidianmd/obsidian-releases/releases/download/v1.6.7/obsidian-1.6.7.asar.gz
2024-07-19 11:15:27 Verifying hash & signature. Size= 7993245
2024-07-19 11:15:27 Saving file
2024-07-19 11:15:28 Update complete.
2024-07-19 12:12:08 Checking for update using Github
2024-07-19 12:12:18 Success.
2024-07-19 12:12:18 Latest version is 1.6.7
2024-07-19 12:12:18 An update is already downloaded.
2024-07-19 13:12:08 Checking for update using Github
2024-07-19 13:12:10 Success.
2024-07-19 13:12:10 Latest version is 1.6.7
2024-07-19 13:12:10 An update is already downloaded.
2024-07-22 09:23:09 Checking for update using Github
2024-07-22 09:23:09 Success.
2024-07-22 09:23:09 Latest version is 1.6.7
2024-07-22 09:23:09 An update is already downloaded.
2024-07-22 15:48:34 Checking for update using Github
2024-07-22 15:48:34 Success.
2024-07-22 15:48:34 Latest version is 1.6.7
2024-07-22 15:48:34 An update is already downloaded.
2024-07-23 10:34:56 Checking for update using Github
2024-07-23 10:34:56 Success.
2024-07-23 10:34:56 Latest version is 1.6.7
2024-07-23 10:34:56 An update is already downloaded.
2024-07-23 11:34:56 Checking for update using Github
2024-07-23 11:34:56 Success.
2024-07-23 11:34:56 Latest version is 1.6.7
2024-07-23 11:34:56 An update is already downloaded.
2024-07-23 12:34:56 Checking for update using Github
2024-07-23 12:34:56 Success.
2024-07-23 12:34:56 Latest version is 1.6.7
2024-07-23 12:34:56 An update is already downloaded.
2024-07-23 13:43:25 Checking for update using Github
2024-07-23 13:43:25 Success.
2024-07-23 13:43:25 Latest version is 1.6.7
2024-07-23 13:43:25 An update is already downloaded.
2024-07-24 11:04:54 Loading main app package /usr/lib/obsidian/obsidian.asar
2024-07-24 11:04:54 Checking for update using Github
2024-07-24 11:04:55 Success.
2024-07-24 11:04:55 Latest version is 1.6.7
2024-07-24 11:04:55 App is up to date.
2024-07-24 12:17:41 Checking for update using Github
2024-07-24 12:17:41 Success.
2024-07-24 12:17:41 Latest version is 1.6.7
2024-07-24 12:17:41 App is up to date.
2024-07-24 13:17:41 Checking for update using Github
2024-07-24 13:17:42 Success.
2024-07-24 13:17:42 Latest version is 1.6.7
2024-07-24 13:17:42 App is up to date.
2024-07-24 14:17:42 Checking for update using Github
2024-07-24 14:17:42 Success.
2024-07-24 14:17:42 Latest version is 1.6.7
2024-07-24 14:17:42 App is up to date.
2024-07-25 13:52:47 Loading main app package /usr/lib/obsidian/obsidian.asar
2024-07-25 13:52:47 Checking for update using Github
2024-07-25 13:52:47 Success.
2024-07-25 13:52:47 Latest version is 1.6.7
2024-07-25 13:52:47 App is up to date.
2024-08-03 16:01:57 Loading main app package /usr/lib/obsidian/obsidian.asar
2024-08-03 16:01:58 Checking for update using Github
2024-08-03 16:01:58 Success.
2024-08-03 16:01:58 Latest version is 1.6.7
2024-08-03 16:01:58 App is up to date.
2024-08-03 17:01:57 Checking for update using Github
2024-08-03 17:01:58 Success.
2024-08-03 17:01:58 Latest version is 1.6.7
2024-08-03 17:01:58 App is up to date.
2024-08-03 19:51:51 Loading main app package /usr/lib/obsidian/obsidian.asar
2024-08-03 19:51:51 Checking for update using Github
2024-08-03 19:51:51 Success.
2024-08-03 19:51:51 Latest version is 1.6.7
2024-08-03 19:51:51 App is up to date.
2024-08-03 20:51:57 Checking for update using Github
2024-08-03 20:51:57 Success.
2024-08-03 20:51:57 Latest version is 1.6.7
2024-08-03 20:51:57 App is up to date.
